<?xml version="1.0" encoding="UTF-8"?>
<testng-results ignored="0" total="1" passed="0" failed="1" skipped="0">
  <reporter-output>
  </reporter-output>
  <suite started-at="2023-07-24T10:07:35 EEST" name="Default suite" finished-at="2023-07-24T10:08:19 EEST" duration-ms="44333">
    <groups>
    </groups>
    <test started-at="2023-07-24T10:07:35 EEST" name="Default test" finished-at="2023-07-24T10:08:19 EEST" duration-ms="44333">
      <class name="Dewan.bookTransaction">
        <test-method is-config="true" signature="beforeLogin()[pri:0, instance:Dewan.bookTransaction@6d467c87]" started-at="2023-07-24T10:07:35 EEST" name="beforeLogin" finished-at="2023-07-24T10:07:39 EEST" duration-ms="4341" status="PASS">
          <reporter-output>
          </reporter-output>
        </test-method> <!-- beforeLogin -->
        <test-method signature="internalCorrespondenceTest()[pri:5, instance:Dewan.bookTransaction@6d467c87]" started-at="2023-07-24T10:07:39 EEST" name="internalCorrespondenceTest" finished-at="2023-07-24T10:08:19 EEST" duration-ms="39965" status="FAIL">
          <exception class="java.lang.AssertionError">
            <message>
              <![CDATA[The following asserts failed:
The status before directing should be as expected [تمت العملية بنجاح] but found [تحت الاجراء],
The subject in uncompleted tasks page at the  recived user(Cc user) should be as expected [Asmar test internal corresponding 6] but found [Asmar test generalize outgoing 70]]]>
            </message>
            <full-stacktrace>
              <![CDATA[java.lang.AssertionError: The following asserts failed:
The status before directing should be as expected [تمت العملية بنجاح] but found [تحت الاجراء],
The subject in uncompleted tasks page at the  recived user(Cc user) should be as expected [Asmar test internal corresponding 6] but found [Asmar test generalize outgoing 70]
at org.testng.asserts.SoftAssert.assertAll(SoftAssert.java:46)
at org.testng.asserts.SoftAssert.assertAll(SoftAssert.java:30)
at Dewan.bookTransaction.internalCorrespondenceTest(bookTransaction.java:1313)
at java.base/jdk.internal.reflect.DirectMethodHandleAccessor.invoke(DirectMethodHandleAccessor.java:104)
at java.base/java.lang.reflect.Method.invoke(Method.java:578)
at org.testng.internal.invokers.MethodInvocationHelper.invokeMethod(MethodInvocationHelper.java:139)
at org.testng.internal.invokers.TestInvoker.invokeMethod(TestInvoker.java:664)
at org.testng.internal.invokers.TestInvoker.invokeTestMethod(TestInvoker.java:227)
at org.testng.internal.invokers.MethodRunner.runInSequence(MethodRunner.java:50)
at org.testng.internal.invokers.TestInvoker$MethodInvocationAgent.invoke(TestInvoker.java:957)
at org.testng.internal.invokers.TestInvoker.invokeTestMethods(TestInvoker.java:200)
at org.testng.internal.invokers.TestMethodWorker.invokeTestMethods(TestMethodWorker.java:148)
at org.testng.internal.invokers.TestMethodWorker.run(TestMethodWorker.java:128)
at java.base/java.util.ArrayList.forEach(ArrayList.java:1511)
at org.testng.TestRunner.privateRun(TestRunner.java:848)
at org.testng.TestRunner.run(TestRunner.java:621)
at org.testng.SuiteRunner.runTest(SuiteRunner.java:443)
at org.testng.SuiteRunner.runSequentially(SuiteRunner.java:437)
at org.testng.SuiteRunner.privateRun(SuiteRunner.java:397)
at org.testng.SuiteRunner.run(SuiteRunner.java:336)
at org.testng.SuiteRunnerWorker.runSuite(SuiteRunnerWorker.java:52)
at org.testng.SuiteRunnerWorker.run(SuiteRunnerWorker.java:95)
at org.testng.TestNG.runSuitesSequentially(TestNG.java:1280)
at org.testng.TestNG.runSuitesLocally(TestNG.java:1200)
at org.testng.TestNG.runSuites(TestNG.java:1114)
at org.testng.TestNG.run(TestNG.java:1082)
at org.testng.remote.AbstractRemoteTestNG.run(AbstractRemoteTestNG.java:115)
at org.testng.remote.RemoteTestNG.initAndRun(RemoteTestNG.java:251)
at org.testng.remote.RemoteTestNG.main(RemoteTestNG.java:77)
]]>
            </full-stacktrace>
          </exception> <!-- java.lang.AssertionError -->
          <reporter-output>
          </reporter-output>
        </test-method> <!-- internalCorrespondenceTest -->
      </class> <!-- Dewan.bookTransaction -->
    </test> <!-- Default test -->
  </suite> <!-- Default suite -->
</testng-results>
